TN:
SF:script/DeployDsc.s.sol
FN:11,DeployDsc.deploy
FNDA:0,DeployDsc.deploy
DA:12,9
DA:14,9
DA:15,9
DA:16,9
DA:17,9
DA:19,9
DA:20,9
DA:21,9
DA:23,9
DA:24,9
DA:25,9
DA:26,9
DA:27,9
DA:28,9
DA:30,9
DA:31,9
DA:33,9
FN:38,DeployDsc.run
FNDA:9,DeployDsc.run
DA:39,9
DA:40,9
DA:41,9
FNF:2
FNH:1
LF:20
LH:20
BRF:0
BRH:0
end_of_record
TN:
SF:script/HelperConfig.s.sol
FN:29,HelperConfig.getConfig
FNDA:18,HelperConfig.getConfig
DA:30,18
DA:31,18
BRDA:31,0,0,-
BRDA:31,0,1,-
DA:33,0
DA:34,18
BRDA:34,1,0,18
BRDA:34,1,1,-
DA:36,18
DA:38,0
FN:42,HelperConfig.getSepoliaConfig
FNDA:0,HelperConfig.getSepoliaConfig
DA:43,0
DA:44,0
BRDA:44,2,0,-
DA:45,0
DA:46,0
DA:49,0
DA:57,0
FN:60,HelperConfig.createOrGetAnvilConfig
FNDA:18,HelperConfig.createOrGetAnvilConfig
DA:61,18
DA:62,18
BRDA:62,3,0,9
DA:63,9
DA:65,9
DA:66,9
DA:68,9
DA:69,9
DA:71,9
DA:72,9
DA:74,9
DA:76,9
DA:84,9
DA:87,18
FNF:3
FNH:2
LF:25
LH:17
BRF:6
BRH:2
end_of_record
TN:
SF:src/DecentralizedStableCoin.sol
FN:38,DecentralizedStableCoin.
FNDA:9,DecentralizedStableCoin.
FN:40,DecentralizedStableCoin.burn
FNDA:0,DecentralizedStableCoin.burn
DA:41,0
DA:42,0
BRDA:42,0,0,-
DA:43,0
DA:46,0
BRDA:46,1,0,-
DA:47,0
DA:50,0
FN:53,DecentralizedStableCoin.mint
FNDA:0,DecentralizedStableCoin.mint
DA:54,0
BRDA:54,2,0,-
DA:55,0
DA:58,0
BRDA:58,3,0,-
DA:59,0
DA:62,0
DA:63,0
FNF:3
FNH:1
LF:12
LH:0
BRF:4
BRH:0
end_of_record
TN:
SF:src/DscEngine.sol
FN:83,DscEngine.moreThanZero
FNDA:0,DscEngine.moreThanZero
DA:84,0
BRDA:84,0,0,-
DA:85,0
FN:90,DscEngine.isAllowedCollateral
FNDA:5,DscEngine.isAllowedCollateral
DA:91,5
DA:92,5
DA:93,7
BRDA:93,1,0,4
DA:94,4
DA:95,4
DA:98,5
BRDA:98,2,0,1
DA:99,1
FN:108,DscEngine.
FNDA:10,DscEngine.
DA:109,10
BRDA:109,3,0,1
DA:110,1
DA:113,9
DA:115,9
DA:116,18
DA:119,9
FN:132,DscEngine.depositCollateral
FNDA:6,DscEngine.depositCollateral
DA:139,4
DA:140,4
DA:142,4
DA:143,4
BRDA:143,4,0,-
DA:144,0
FN:153,DscEngine.mintDsc
FNDA:0,DscEngine.mintDsc
DA:157,0
DA:159,0
DA:160,0
DA:161,0
BRDA:161,5,0,-
DA:162,0
FN:172,DscEngine.depositCollateralAndMintDsc
FNDA:0,DscEngine.depositCollateralAndMintDsc
DA:176,0
DA:178,0
FN:186,DscEngine.redeemCollateral
FNDA:0,DscEngine.redeemCollateral
DA:192,0
DA:193,0
FN:196,DscEngine.burnDsc
FNDA:0,DscEngine.burnDsc
DA:198,0
DA:199,0
FN:202,DscEngine.redeemCollateralAndBurnDsc
FNDA:0,DscEngine.redeemCollateralAndBurnDsc
DA:206,0
DA:209,0
FN:227,DscEngine.liquidate
FNDA:0,DscEngine.liquidate
DA:232,0
DA:233,0
BRDA:233,6,0,-
DA:234,0
DA:243,0
DA:245,0
DA:246,0
DA:248,0
DA:250,0
DA:253,0
DA:254,0
BRDA:254,7,0,-
DA:255,0
DA:259,0
FN:262,DscEngine.getHealthFactor
FNDA:0,DscEngine.getHealthFactor
FN:269,DscEngine._getAccountInfo
FNDA:0,DscEngine._getAccountInfo
DA:275,0
DA:276,0
DA:277,0
FN:285,DscEngine._getHealthFactor
FNDA:0,DscEngine._getHealthFactor
DA:290,0
DA:291,0
BRDA:291,8,0,-
DA:292,0
DA:295,0
DA:297,0
DA:298,0
FN:307,DscEngine._revertIfHealthFactorIsBroken
FNDA:0,DscEngine._revertIfHealthFactorIsBroken
DA:309,0
DA:310,0
BRDA:310,9,0,-
DA:311,0
FN:315,DscEngine._redeemCollateral
FNDA:0,DscEngine._redeemCollateral
DA:318,0
DA:321,0
DA:323,0
BRDA:323,10,0,-
DA:324,0
DA:326,0
DA:328,0
FN:334,DscEngine._burnDsc
FNDA:0,DscEngine._burnDsc
DA:336,0
DA:337,0
DA:338,0
BRDA:338,11,0,-
DA:339,0
DA:342,0
FN:348,DscEngine.getUserCollateralValueInUsd
FNDA:2,DscEngine.getUserCollateralValueInUsd
DA:349,2
DA:353,2
DA:354,2
DA:355,4
DA:356,4
DA:357,4
DA:358,4
DA:360,4
DA:361,4
DA:368,2
FN:371,DscEngine.getCollateralAmountFromUsd
FNDA:2,DscEngine.getCollateralAmountFromUsd
DA:372,2
DA:373,2
DA:374,2
DA:382,2
DA:383,2
FN:386,DscEngine.getCollateralValueInUsd
FNDA:2,DscEngine.getCollateralValueInUsd
DA:387,6
DA:388,6
DA:389,6
DA:390,6
DA:398,6
DA:399,6
FN:402,DscEngine.getAccountInfo
FNDA:0,DscEngine.getAccountInfo
DA:407,0
FNF:20
FNH:6
LF:90
LH:38
BRF:12
BRH:3
end_of_record
